<?xml version="1.0" encoding="UTF-8"?>
<testng-results ignored="0" total="5" passed="5" failed="0" skipped="0">
  <reporter-output>
  </reporter-output>
  <suite started-at="2021-08-11T11:57:19 IST" name="Suite" finished-at="2021-08-11T11:59:14 IST" duration-ms="114492">
    <groups>
    </groups>
    <test started-at="2021-08-11T11:57:19 IST" name="Test" finished-at="2021-08-11T11:59:14 IST" duration-ms="114492">
      <class name="testcases.OutputTest">
        <test-method is-config="true" signature="initialize()[pri:0, instance:testcases.OutputTest@6d4d66d2]" started-at="2021-08-11T11:57:19 IST" name="initialize" finished-at="2021-08-11T11:58:00 IST" duration-ms="41229" status="PASS">
          <reporter-output>
          </reporter-output>
        </test-method> <!-- initialize -->
        <test-method signature="runtranslate(java.lang.String,java.lang.String,java.lang.String)[pri:0, instance:testcases.OutputTest@6d4d66d2]" started-at="2021-08-11T11:58:22 IST" name="runtranslate" data-provider="fetch" finished-at="2021-08-11T11:58:38 IST" duration-ms="15480" status="PASS">
          <params>
            <param index="0">
              <value>
                <![CDATA[Nothing is impossible]]>
              </value>
            </param>
            <param index="1">
              <value>
                <![CDATA[Nada es imposible]]>
              </value>
            </param>
            <param index="2">
              <value>
                <![CDATA[Pass]]>
              </value>
            </param>
          </params>
          <reporter-output>
          </reporter-output>
        </test-method> <!-- runtranslate -->
        <test-method signature="runtranslate(java.lang.String,java.lang.String,java.lang.String)[pri:0, instance:testcases.OutputTest@6d4d66d2]" started-at="2021-08-11T11:58:38 IST" name="runtranslate" data-provider="fetch" finished-at="2021-08-11T11:58:47 IST" duration-ms="9657" status="PASS">
          <params>
            <param index="0">
              <value>
                <![CDATA[There is nothing impossible to they who will try]]>
              </value>
            </param>
            <param index="1">
              <value>
                <![CDATA[No hay nada imposible para ellos que intentarán.]]>
              </value>
            </param>
            <param index="2">
              <value>
                <![CDATA[Pass]]>
              </value>
            </param>
          </params>
          <reporter-output>
          </reporter-output>
        </test-method> <!-- runtranslate -->
        <test-method signature="runtranslate(java.lang.String,java.lang.String,java.lang.String)[pri:0, instance:testcases.OutputTest@6d4d66d2]" started-at="2021-08-11T11:58:47 IST" name="runtranslate" data-provider="fetch" finished-at="2021-08-11T11:58:56 IST" duration-ms="8309" status="PASS">
          <params>
            <param index="0">
              <value>
                <![CDATA[Love Tajmahal]]>
              </value>
            </param>
            <param index="1">
              <value>
                <![CDATA[Amor Tajmahal]]>
              </value>
            </param>
            <param index="2">
              <value>
                <![CDATA[Pass]]>
              </value>
            </param>
          </params>
          <reporter-output>
          </reporter-output>
        </test-method> <!-- runtranslate -->
        <test-method signature="runtranslate(java.lang.String,java.lang.String,java.lang.String)[pri:0, instance:testcases.OutputTest@6d4d66d2]" started-at="2021-08-11T11:58:56 IST" name="runtranslate" data-provider="fetch" finished-at="2021-08-11T11:59:03 IST" duration-ms="7327" status="PASS">
          <params>
            <param index="0">
              <value>
                <![CDATA[God is Love]]>
              </value>
            </param>
            <param index="1">
              <value>
                <![CDATA[Dios es amor]]>
              </value>
            </param>
            <param index="2">
              <value>
                <![CDATA[Pass]]>
              </value>
            </param>
          </params>
          <reporter-output>
          </reporter-output>
        </test-method> <!-- runtranslate -->
        <test-method signature="runtranslate(java.lang.String,java.lang.String,java.lang.String)[pri:0, instance:testcases.OutputTest@6d4d66d2]" started-at="2021-08-11T11:59:03 IST" name="runtranslate" data-provider="fetch" finished-at="2021-08-11T11:59:14 IST" duration-ms="10647" status="PASS">
          <params>
            <param index="0">
              <value>
                <![CDATA[This is India]]>
              </value>
            </param>
            <param index="1">
              <value>
                <![CDATA[Esto es indias]]>
              </value>
            </param>
            <param index="2">
              <value>
                <![CDATA[Fail]]>
              </value>
            </param>
          </params>
          <reporter-output>
          </reporter-output>
        </test-method> <!-- runtranslate -->
        <test-method is-config="true" signature="postcondition()[pri:0, instance:testcases.OutputTest@6d4d66d2]" started-at="2021-08-11T11:59:14 IST" name="postcondition" finished-at="2021-08-11T11:59:14 IST" duration-ms="1" status="PASS">
          <reporter-output>
          </reporter-output>
        </test-method> <!-- postcondition -->
      </class> <!-- testcases.OutputTest -->
    </test> <!-- Test -->
  </suite> <!-- Suite -->
</testng-results>
