<?xml version="1.0" encoding="UTF-8"?>
<!-- Generated by org.testng.reporters.JUnitXMLReporter -->
<testsuite ignored="0" hostname="LAPTOP-FED90GP4" failures="0" tests="5" name="Test" time="114.492" errors="0" timestamp="2021-08-11T11:59:14 IST">
  <testcase classname="testcases.OutputTest" name="runtranslate" time="15.48"/>
  <testcase classname="testcases.OutputTest" name="runtranslate" time="9.657"/>
  <testcase classname="testcases.OutputTest" name="runtranslate" time="8.309"/>
  <testcase classname="testcases.OutputTest" name="runtranslate" time="7.327"/>
  <testcase classname="testcases.OutputTest" name="runtranslate" time="10.647"/>
</testsuite> <!-- Test -->
