<?xml version="1.0" encoding="UTF-8"?>
<!-- Generated by org.testng.reporters.JUnitXMLReporter -->
<testsuite ignored="0" hostname="LAPTOP-FED90GP4" failures="0" tests="5" name="Test" time="43.377" errors="0" timestamp="2021-08-11T11:23:21 IST">
  <testcase classname="testcases.OutputTest" name="runtranslate" time="4.573"/>
  <testcase classname="testcases.OutputTest" name="runtranslate" time="4.456"/>
  <testcase classname="testcases.OutputTest" name="runtranslate" time="4.262"/>
  <testcase classname="testcases.OutputTest" name="runtranslate" time="4.208"/>
  <testcase classname="testcases.OutputTest" name="runtranslate" time="4.23"/>
</testsuite> <!-- Test -->
