<?xml version="1.0" encoding="UTF-8"?>
<testng-results ignored="0" total="5" passed="5" failed="0" skipped="0">
  <reporter-output>
  </reporter-output>
  <suite started-at="2021-08-11T11:22:38 IST" name="Suite" finished-at="2021-08-11T11:23:21 IST" duration-ms="43377">
    <groups>
    </groups>
    <test started-at="2021-08-11T11:22:38 IST" name="Test" finished-at="2021-08-11T11:23:21 IST" duration-ms="43377">
      <class name="testcases.OutputTest">
        <test-method is-config="true" signature="initialize()[pri:0, instance:testcases.OutputTest@6d4d66d2]" started-at="2021-08-11T11:22:38 IST" name="initialize" finished-at="2021-08-11T11:22:58 IST" duration-ms="20539" status="PASS">
          <reporter-output>
          </reporter-output>
        </test-method> <!-- initialize -->
        <test-method signature="runtranslate(java.lang.String,java.lang.String,java.lang.String)[pri:0, instance:testcases.OutputTest@6d4d66d2]" started-at="2021-08-11T11:22:59 IST" name="runtranslate" data-provider="fetch" finished-at="2021-08-11T11:23:04 IST" duration-ms="4573" status="PASS">
          <params>
            <param index="0">
              <value>
                <![CDATA[Nothing is impossible]]>
              </value>
            </param>
            <param index="1">
              <value>
                <![CDATA[Nada es imposible]]>
              </value>
            </param>
            <param index="2">
              <value>
                <![CDATA[Pass]]>
              </value>
            </param>
          </params>
          <reporter-output>
          </reporter-output>
        </test-method> <!-- runtranslate -->
        <test-method signature="runtranslate(java.lang.String,java.lang.String,java.lang.String)[pri:0, instance:testcases.OutputTest@6d4d66d2]" started-at="2021-08-11T11:23:04 IST" name="runtranslate" data-provider="fetch" finished-at="2021-08-11T11:23:08 IST" duration-ms="4456" status="PASS">
          <params>
            <param index="0">
              <value>
                <![CDATA[There is nothing impossible to they who will try.]]>
              </value>
            </param>
            <param index="1">
              <value>
                <![CDATA[No hay nada imposible ]]>
              </value>
            </param>
            <param index="2">
              <value>
                <![CDATA[Fail]]>
              </value>
            </param>
          </params>
          <reporter-output>
          </reporter-output>
        </test-method> <!-- runtranslate -->
        <test-method signature="runtranslate(java.lang.String,java.lang.String,java.lang.String)[pri:0, instance:testcases.OutputTest@6d4d66d2]" started-at="2021-08-11T11:23:08 IST" name="runtranslate" data-provider="fetch" finished-at="2021-08-11T11:23:13 IST" duration-ms="4262" status="PASS">
          <params>
            <param index="0">
              <value>
                <![CDATA[Love Tajmahal]]>
              </value>
            </param>
            <param index="1">
              <value>
                <![CDATA[Amor Tajmahal]]>
              </value>
            </param>
            <param index="2">
              <value>
                <![CDATA[Pass]]>
              </value>
            </param>
          </params>
          <reporter-output>
          </reporter-output>
        </test-method> <!-- runtranslate -->
        <test-method signature="runtranslate(java.lang.String,java.lang.String,java.lang.String)[pri:0, instance:testcases.OutputTest@6d4d66d2]" started-at="2021-08-11T11:23:13 IST" name="runtranslate" data-provider="fetch" finished-at="2021-08-11T11:23:17 IST" duration-ms="4208" status="PASS">
          <params>
            <param index="0">
              <value>
                <![CDATA[God is Love]]>
              </value>
            </param>
            <param index="1">
              <value>
                <![CDATA[Dios es amor]]>
              </value>
            </param>
            <param index="2">
              <value>
                <![CDATA[Pass]]>
              </value>
            </param>
          </params>
          <reporter-output>
          </reporter-output>
        </test-method> <!-- runtranslate -->
        <test-method signature="runtranslate(java.lang.String,java.lang.String,java.lang.String)[pri:0, instance:testcases.OutputTest@6d4d66d2]" started-at="2021-08-11T11:23:17 IST" name="runtranslate" data-provider="fetch" finished-at="2021-08-11T11:23:21 IST" duration-ms="4230" status="PASS">
          <params>
            <param index="0">
              <value>
                <![CDATA[This is India]]>
              </value>
            </param>
            <param index="1">
              <value>
                <![CDATA[Esto es indias]]>
              </value>
            </param>
            <param index="2">
              <value>
                <![CDATA[Fail]]>
              </value>
            </param>
          </params>
          <reporter-output>
          </reporter-output>
        </test-method> <!-- runtranslate -->
        <test-method is-config="true" signature="postcondition()[pri:0, instance:testcases.OutputTest@6d4d66d2]" started-at="2021-08-11T11:23:21 IST" name="postcondition" finished-at="2021-08-11T11:23:21 IST" duration-ms="0" status="PASS">
          <reporter-output>
          </reporter-output>
        </test-method> <!-- postcondition -->
      </class> <!-- testcases.OutputTest -->
    </test> <!-- Test -->
  </suite> <!-- Suite -->
</testng-results>
